Using pre-set license
Built from '2020.2/release' branch; Version is '2020.2.1f1 (270dd8c3da1c) revision 2559448'; Using compiler version '192528614'; Build Type 'Release'
OS: 'Windows 10  (10.0.0) 64bit' Language: 'en' Physical Memory: 12240 MB
BatchMode: 1, IsHumanControllingUs: 0, StartBugReporterOnCrash: 0, Is64bit: 1, IsPro: 0

 COMMAND LINE ARGUMENTS:
C:\Program Files\Unity\Hub\Editor\2020.2.1f1\Editor\Unity.exe
-adb2
-batchMode
-noUpm
-name
AssetImportWorker0
-projectPath
D:/Game Unity I Made/Rail Shooter
-logFile
Logs/AssetImportWorker0.log
-srvPort
52020
Successfully changed project path to: D:/Game Unity I Made/Rail Shooter
D:/Game Unity I Made/Rail Shooter
Using Asset Import Pipeline V2.
Refreshing native plugins compatible for Editor in 48.22 ms, found 0 plugins.
Preloading 0 native plugins for Editor in 0.00 ms.
Initialize engine version: 2020.2.1f1 (270dd8c3da1c)
[Subsystems] Discovering subsystems at path C:/Program Files/Unity/Hub/Editor/2020.2.1f1/Editor/Data/Resources/UnitySubsystems
[Subsystems] Discovering subsystems at path D:/Game Unity I Made/Rail Shooter/Assets
GfxDevice: creating device client; threaded=0
Direct3D:
    Version:  Direct3D 11.0 [level 11.1]
    Renderer: NVIDIA GeForce GTX 1650 (ID=0x1f82)
    Vendor:   
    VRAM:     3962 MB
    Driver:   27.21.14.6109
Initialize mono
Mono path[0] = 'C:/Program Files/Unity/Hub/Editor/2020.2.1f1/Editor/Data/Managed'
Mono path[1] = 'C:/Program Files/Unity/Hub/Editor/2020.2.1f1/Editor/Data/MonoBleedingEdge/lib/mono/unityjit'
Mono config path = 'C:/Program Files/Unity/Hub/Editor/2020.2.1f1/Editor/Data/MonoBleedingEdge/etc'
Using monoOptions --debugger-agent=transport=dt_socket,embedding=1,server=y,suspend=n,address=127.0.0.1:56340
Begin MonoManager ReloadAssembly
Registering precompiled unity dll's ...
Register platform support module: C:/Program Files/Unity/Hub/Editor/2020.2.1f1/Editor/Data/PlaybackEngines/WebGLSupport/UnityEditor.WebGL.Extensions.dll
Register platform support module: C:/Program Files/Unity/Hub/Editor/2020.2.1f1/Editor/Data/PlaybackEngines/WindowsStandaloneSupport/UnityEditor.WindowsStandalone.Extensions.dll
Registered in 0.004943 seconds.
Native extension for WindowsStandalone target not found
Native extension for WebGL target not found
Refreshing native plugins compatible for Editor in 47.53 ms, found 0 plugins.
Preloading 0 native plugins for Editor in 0.00 ms.
Invoked RoslynAnalysisRunner static constructor.
RoslynAnalysisRunner will not be running.
RoslynAnalysisRunner has terminated.
Mono: successfully reloaded assembly
- Completed reload, in  2.537 seconds
Platform modules already initialized, skipping
Registering precompiled user dll's ...
Registered in 0.000919 seconds.
Begin MonoManager ReloadAssembly
Native extension for WindowsStandalone target not found
Native extension for WebGL target not found
Refreshing native plugins compatible for Editor in 0.54 ms, found 0 plugins.
Preloading 0 native plugins for Editor in 0.00 ms.
Invoked RoslynAnalysisRunner static constructor.
RoslynAnalysisRunner will not be running.
RoslynAnalysisRunner has terminated.
Mono: successfully reloaded assembly
- Completed reload, in  1.427 seconds
Platform modules already initialized, skipping
========================================================================
Worker process is ready to serve import requests
Launched and connected shader compiler UnityShaderCompiler.exe after 0.06 seconds
Refreshing native plugins compatible for Editor in 0.34 ms, found 0 plugins.
Preloading 0 native plugins for Editor in 0.00 ms.
Unloading 1219 Unused Serialized files (Serialized files now loaded: 0)
System memory in use before: 81.3 MB.
System memory in use after: 81.0 MB.

Unloading 12 unused Assets to reduce memory usage. Loaded Objects now: 1683.
Total: 3.204800 ms (FindLiveObjects: 0.248400 ms CreateObjectMapping: 0.066500 ms MarkObjects: 2.299900 ms  DeleteObjects: 0.588500 ms)

========================================================================
Received Import Request.
  path: Assets/WaypointMover.cs
  artifactKey: Guid(5d738d0ea9d01924e8b4794ff71781f3) Importer(815301076,1909f56bfc062723c751e8b465ee728b)
Start importing Assets/WaypointMover.cs using Guid(5d738d0ea9d01924e8b4794ff71781f3) Importer(815301076,1909f56bfc062723c751e8b465ee728b)  -> (artifact id: '1af8353a5b81628ad06f5717b3f7a6a8') in 0.066145 seconds
  Import took 0.102157 seconds .

========================================================================
Received Import Request.
  Time since last request: 9.336839 seconds.
  path: Assets/WaypointMover.cs
  artifactKey: Guid(5d738d0ea9d01924e8b4794ff71781f3) Importer(815301076,1909f56bfc062723c751e8b465ee728b)
Start importing Assets/WaypointMover.cs using Guid(5d738d0ea9d01924e8b4794ff71781f3) Importer(815301076,1909f56bfc062723c751e8b465ee728b)  -> (artifact id: '7708c319f4909634d5aeda7797b68303') in 0.012144 seconds
  Import took 0.034477 seconds .

========================================================================
Received Prepare
Registering precompiled user dll's ...
Registered in 0.000744 seconds.
Begin MonoManager ReloadAssembly
Native extension for WindowsStandalone target not found
Native extension for WebGL target not found
Refreshing native plugins compatible for Editor in 0.35 ms, found 0 plugins.
Preloading 0 native plugins for Editor in 0.00 ms.
Invoked RoslynAnalysisRunner static constructor.
RoslynAnalysisRunner will not be running.
RoslynAnalysisRunner has terminated.
Mono: successfully reloaded assembly
- Completed reload, in  1.043 seconds
Platform modules already initialized, skipping
Refreshing native plugins compatible for Editor in 0.35 ms, found 0 plugins.
Preloading 0 native plugins for Editor in 0.00 ms.
Unloading 1196 Unused Serialized files (Serialized files now loaded: 0)
System memory in use before: 80.0 MB.
System memory in use after: 79.7 MB.

Unloading 7 unused Assets to reduce memory usage. Loaded Objects now: 1685.
Total: 2.410300 ms (FindLiveObjects: 0.265400 ms CreateObjectMapping: 0.063000 ms MarkObjects: 1.659900 ms  DeleteObjects: 0.420000 ms)

========================================================================
Received Prepare
Registering precompiled user dll's ...
Registered in 0.000778 seconds.
Begin MonoManager ReloadAssembly
Native extension for WindowsStandalone target not found
Native extension for WebGL target not found
Refreshing native plugins compatible for Editor in 0.36 ms, found 0 plugins.
Preloading 0 native plugins for Editor in 0.00 ms.
Invoked RoslynAnalysisRunner static constructor.
RoslynAnalysisRunner will not be running.
RoslynAnalysisRunner has terminated.
Mono: successfully reloaded assembly
- Completed reload, in  0.947 seconds
Platform modules already initialized, skipping
Refreshing native plugins compatible for Editor in 0.36 ms, found 0 plugins.
Preloading 0 native plugins for Editor in 0.00 ms.
Unloading 1196 Unused Serialized files (Serialized files now loaded: 0)
System memory in use before: 81.0 MB.
System memory in use after: 80.7 MB.

Unloading 7 unused Assets to reduce memory usage. Loaded Objects now: 1687.
Total: 2.663300 ms (FindLiveObjects: 0.154300 ms CreateObjectMapping: 0.049700 ms MarkObjects: 1.820900 ms  DeleteObjects: 0.636600 ms)

========================================================================
Received Import Request.
  Time since last request: 125.887805 seconds.
  path: Assets/Editor/Waypoint GUI.cs
  artifactKey: Guid(6c30dfdd4b1493f4cbd83a9910eb7a66) Importer(815301076,1909f56bfc062723c751e8b465ee728b)
Start importing Assets/Editor/Waypoint GUI.cs using Guid(6c30dfdd4b1493f4cbd83a9910eb7a66) Importer(815301076,1909f56bfc062723c751e8b465ee728b)  -> (artifact id: '2d8a29eb5f540ecc1cd905620096e655') in 0.004623 seconds
  Import took 0.007589 seconds .

========================================================================
Received Import Request.
  Time since last request: 0.000678 seconds.
  path: Assets/Editor/Waypoint GUI.cs
  artifactKey: Guid(6c30dfdd4b1493f4cbd83a9910eb7a66) Importer(815301076,1909f56bfc062723c751e8b465ee728b)
Start importing Assets/Editor/Waypoint GUI.cs using Guid(6c30dfdd4b1493f4cbd83a9910eb7a66) Importer(815301076,1909f56bfc062723c751e8b465ee728b)  -> (artifact id: '2d8a29eb5f540ecc1cd905620096e655') in 0.002219 seconds
  Import took 0.004702 seconds .

========================================================================
Received Prepare
Registering precompiled user dll's ...
Registered in 0.000835 seconds.
Begin MonoManager ReloadAssembly
Native extension for WindowsStandalone target not found
Native extension for WebGL target not found
Refreshing native plugins compatible for Editor in 0.35 ms, found 0 plugins.
Preloading 0 native plugins for Editor in 0.00 ms.
Invoked RoslynAnalysisRunner static constructor.
RoslynAnalysisRunner will not be running.
RoslynAnalysisRunner has terminated.
Mono: successfully reloaded assembly
- Completed reload, in  0.996 seconds
Platform modules already initialized, skipping
Refreshing native plugins compatible for Editor in 0.35 ms, found 0 plugins.
Preloading 0 native plugins for Editor in 0.00 ms.
Unloading 1196 Unused Serialized files (Serialized files now loaded: 0)
System memory in use before: 81.0 MB.
System memory in use after: 80.7 MB.

Unloading 7 unused Assets to reduce memory usage. Loaded Objects now: 1689.
Total: 2.172700 ms (FindLiveObjects: 0.135200 ms CreateObjectMapping: 0.047900 ms MarkObjects: 1.573100 ms  DeleteObjects: 0.415200 ms)

========================================================================
Received Prepare
Registering precompiled user dll's ...
Registered in 0.000791 seconds.
Begin MonoManager ReloadAssembly
Native extension for WindowsStandalone target not found
Native extension for WebGL target not found
Refreshing native plugins compatible for Editor in 0.35 ms, found 0 plugins.
Preloading 0 native plugins for Editor in 0.00 ms.
Invoked RoslynAnalysisRunner static constructor.
RoslynAnalysisRunner will not be running.
RoslynAnalysisRunner has terminated.
Mono: successfully reloaded assembly
- Completed reload, in  0.980 seconds
Platform modules already initialized, skipping
Refreshing native plugins compatible for Editor in 0.35 ms, found 0 plugins.
Preloading 0 native plugins for Editor in 0.00 ms.
Unloading 1196 Unused Serialized files (Serialized files now loaded: 0)
System memory in use before: 81.0 MB.
System memory in use after: 80.7 MB.

Unloading 7 unused Assets to reduce memory usage. Loaded Objects now: 1691.
Total: 2.196400 ms (FindLiveObjects: 0.148000 ms CreateObjectMapping: 0.047600 ms MarkObjects: 1.588300 ms  DeleteObjects: 0.411200 ms)

========================================================================
Received Prepare
Registering precompiled user dll's ...
Registered in 0.000748 seconds.
Begin MonoManager ReloadAssembly
Native extension for WindowsStandalone target not found
Native extension for WebGL target not found
Refreshing native plugins compatible for Editor in 0.45 ms, found 0 plugins.
Preloading 0 native plugins for Editor in 0.00 ms.
Invoked RoslynAnalysisRunner static constructor.
RoslynAnalysisRunner will not be running.
RoslynAnalysisRunner has terminated.
Mono: successfully reloaded assembly
- Completed reload, in  0.993 seconds
Platform modules already initialized, skipping
Refreshing native plugins compatible for Editor in 0.35 ms, found 0 plugins.
Preloading 0 native plugins for Editor in 0.00 ms.
Unloading 1196 Unused Serialized files (Serialized files now loaded: 0)
System memory in use before: 80.9 MB.
System memory in use after: 80.6 MB.

Unloading 7 unused Assets to reduce memory usage. Loaded Objects now: 1693.
Total: 2.877100 ms (FindLiveObjects: 0.136600 ms CreateObjectMapping: 0.047000 ms MarkObjects: 2.107500 ms  DeleteObjects: 0.584700 ms)

========================================================================
Received Prepare
Registering precompiled user dll's ...
Registered in 0.000818 seconds.
Begin MonoManager ReloadAssembly
Native extension for WindowsStandalone target not found
Native extension for WebGL target not found
Refreshing native plugins compatible for Editor in 0.38 ms, found 0 plugins.
Preloading 0 native plugins for Editor in 0.00 ms.
Invoked RoslynAnalysisRunner static constructor.
RoslynAnalysisRunner will not be running.
RoslynAnalysisRunner has terminated.
Mono: successfully reloaded assembly
- Completed reload, in  0.967 seconds
Platform modules already initialized, skipping
Refreshing native plugins compatible for Editor in 0.34 ms, found 0 plugins.
Preloading 0 native plugins for Editor in 0.00 ms.
Unloading 1195 Unused Serialized files (Serialized files now loaded: 0)
System memory in use before: 81.0 MB.
System memory in use after: 80.7 MB.

Unloading 7 unused Assets to reduce memory usage. Loaded Objects now: 1695.
Total: 2.071800 ms (FindLiveObjects: 0.138100 ms CreateObjectMapping: 0.046900 ms MarkObjects: 1.494900 ms  DeleteObjects: 0.390600 ms)

========================================================================
Received Import Request.
  Time since last request: 972.705994 seconds.
  path: Assets/WaypointMover.cs
  artifactKey: Guid(5d738d0ea9d01924e8b4794ff71781f3) Importer(815301076,1909f56bfc062723c751e8b465ee728b)
Start importing Assets/WaypointMover.cs using Guid(5d738d0ea9d01924e8b4794ff71781f3) Importer(815301076,1909f56bfc062723c751e8b465ee728b)  -> (artifact id: '3cca7bddbedbbf1d04f051536a055801') in 0.005100 seconds
  Import took 0.076233 seconds .

========================================================================
Received Import Request.
  Time since last request: 41.677760 seconds.
  path: Assets/WaypointMover.cs
  artifactKey: Guid(5d738d0ea9d01924e8b4794ff71781f3) Importer(815301076,1909f56bfc062723c751e8b465ee728b)
Start importing Assets/WaypointMover.cs using Guid(5d738d0ea9d01924e8b4794ff71781f3) Importer(815301076,1909f56bfc062723c751e8b465ee728b)  -> (artifact id: 'fc19784ad77b45828a4b2a4dd65c565b') in 0.002133 seconds
  Import took 0.005544 seconds .

========================================================================
Received Prepare
Registering precompiled user dll's ...
Registered in 0.000949 seconds.
Begin MonoManager ReloadAssembly
Native extension for WindowsStandalone target not found
Native extension for WebGL target not found
Refreshing native plugins compatible for Editor in 0.39 ms, found 0 plugins.
Preloading 0 native plugins for Editor in 0.00 ms.
Invoked RoslynAnalysisRunner static constructor.
RoslynAnalysisRunner will not be running.
RoslynAnalysisRunner has terminated.
Mono: successfully reloaded assembly
- Completed reload, in  0.980 seconds
Platform modules already initialized, skipping
Refreshing native plugins compatible for Editor in 0.36 ms, found 0 plugins.
Preloading 0 native plugins for Editor in 0.00 ms.
Unloading 1195 Unused Serialized files (Serialized files now loaded: 0)
System memory in use before: 81.0 MB.
System memory in use after: 80.8 MB.

Unloading 7 unused Assets to reduce memory usage. Loaded Objects now: 1697.
Total: 2.078700 ms (FindLiveObjects: 0.153200 ms CreateObjectMapping: 0.048200 ms MarkObjects: 1.463200 ms  DeleteObjects: 0.412600 ms)

========================================================================
Received Import Request.
  Time since last request: 507.267789 seconds.
  path: Assets/WaypointMover.cs
  artifactKey: Guid(5d738d0ea9d01924e8b4794ff71781f3) Importer(815301076,1909f56bfc062723c751e8b465ee728b)
Start importing Assets/WaypointMover.cs using Guid(5d738d0ea9d01924e8b4794ff71781f3) Importer(815301076,1909f56bfc062723c751e8b465ee728b)  -> (artifact id: 'ecd83fcc610940b50a2c4c7f04548e30') in 0.004583 seconds
  Import took 0.008472 seconds .

========================================================================
Received Prepare
Registering precompiled user dll's ...
Registered in 0.000932 seconds.
Begin MonoManager ReloadAssembly
Native extension for WindowsStandalone target not found
Native extension for WebGL target not found
Refreshing native plugins compatible for Editor in 0.38 ms, found 0 plugins.
Preloading 0 native plugins for Editor in 0.00 ms.
Invoked RoslynAnalysisRunner static constructor.
RoslynAnalysisRunner will not be running.
RoslynAnalysisRunner has terminated.
Mono: successfully reloaded assembly
- Completed reload, in  0.975 seconds
Platform modules already initialized, skipping
Refreshing native plugins compatible for Editor in 0.34 ms, found 0 plugins.
Preloading 0 native plugins for Editor in 0.00 ms.
Unloading 1195 Unused Serialized files (Serialized files now loaded: 0)
System memory in use before: 81.1 MB.
System memory in use after: 80.8 MB.

Unloading 7 unused Assets to reduce memory usage. Loaded Objects now: 1699.
Total: 2.065500 ms (FindLiveObjects: 0.136100 ms CreateObjectMapping: 0.047000 ms MarkObjects: 1.484300 ms  DeleteObjects: 0.396800 ms)

========================================================================
Received Prepare
Registering precompiled user dll's ...
Registered in 0.000786 seconds.
Begin MonoManager ReloadAssembly
Native extension for WindowsStandalone target not found
Native extension for WebGL target not found
Refreshing native plugins compatible for Editor in 0.38 ms, found 0 plugins.
Preloading 0 native plugins for Editor in 0.00 ms.
Invoked RoslynAnalysisRunner static constructor.
RoslynAnalysisRunner will not be running.
RoslynAnalysisRunner has terminated.
Mono: successfully reloaded assembly
- Completed reload, in  0.986 seconds
Platform modules already initialized, skipping
Refreshing native plugins compatible for Editor in 0.35 ms, found 0 plugins.
Preloading 0 native plugins for Editor in 0.00 ms.
Unloading 1195 Unused Serialized files (Serialized files now loaded: 0)
System memory in use before: 81.1 MB.
System memory in use after: 80.8 MB.

Unloading 7 unused Assets to reduce memory usage. Loaded Objects now: 1701.
Total: 2.846900 ms (FindLiveObjects: 0.154200 ms CreateObjectMapping: 0.047600 ms MarkObjects: 2.069100 ms  DeleteObjects: 0.574500 ms)

========================================================================
Received Prepare
Registering precompiled user dll's ...
Registered in 0.000768 seconds.
Begin MonoManager ReloadAssembly
Native extension for WindowsStandalone target not found
Native extension for WebGL target not found
Refreshing native plugins compatible for Editor in 0.36 ms, found 0 plugins.
Preloading 0 native plugins for Editor in 0.00 ms.
Invoked RoslynAnalysisRunner static constructor.
RoslynAnalysisRunner will not be running.
RoslynAnalysisRunner has terminated.
Mono: successfully reloaded assembly
- Completed reload, in  0.969 seconds
Platform modules already initialized, skipping
Refreshing native plugins compatible for Editor in 0.39 ms, found 0 plugins.
Preloading 0 native plugins for Editor in 0.00 ms.
Unloading 1195 Unused Serialized files (Serialized files now loaded: 0)
System memory in use before: 81.1 MB.
System memory in use after: 80.8 MB.

Unloading 7 unused Assets to reduce memory usage. Loaded Objects now: 1703.
Total: 2.120400 ms (FindLiveObjects: 0.185900 ms CreateObjectMapping: 0.048400 ms MarkObjects: 1.468600 ms  DeleteObjects: 0.416200 ms)

========================================================================
Received Prepare
Registering precompiled user dll's ...
Registered in 0.000771 seconds.
Begin MonoManager ReloadAssembly
Native extension for WindowsStandalone target not found
Native extension for WebGL target not found
Refreshing native plugins compatible for Editor in 0.36 ms, found 0 plugins.
Preloading 0 native plugins for Editor in 0.00 ms.
Invoked RoslynAnalysisRunner static constructor.
RoslynAnalysisRunner will not be running.
RoslynAnalysisRunner has terminated.
Mono: successfully reloaded assembly
- Completed reload, in  0.947 seconds
Platform modules already initialized, skipping
Refreshing native plugins compatible for Editor in 0.34 ms, found 0 plugins.
Preloading 0 native plugins for Editor in 0.00 ms.
Unloading 1195 Unused Serialized files (Serialized files now loaded: 0)
System memory in use before: 80.9 MB.
System memory in use after: 80.7 MB.

Unloading 7 unused Assets to reduce memory usage. Loaded Objects now: 1705.
Total: 2.209200 ms (FindLiveObjects: 0.159400 ms CreateObjectMapping: 0.048100 ms MarkObjects: 1.541400 ms  DeleteObjects: 0.459300 ms)

========================================================================
Received Prepare
Registering precompiled user dll's ...
Registered in 0.000786 seconds.
Begin MonoManager ReloadAssembly
Native extension for WindowsStandalone target not found
Native extension for WebGL target not found
Refreshing native plugins compatible for Editor in 0.36 ms, found 0 plugins.
Preloading 0 native plugins for Editor in 0.00 ms.
Invoked RoslynAnalysisRunner static constructor.
RoslynAnalysisRunner will not be running.
RoslynAnalysisRunner has terminated.
Mono: successfully reloaded assembly
- Completed reload, in  0.935 seconds
Platform modules already initialized, skipping
Refreshing native plugins compatible for Editor in 0.34 ms, found 0 plugins.
Preloading 0 native plugins for Editor in 0.00 ms.
Unloading 1195 Unused Serialized files (Serialized files now loaded: 0)
System memory in use before: 81.1 MB.
System memory in use after: 80.8 MB.

Unloading 7 unused Assets to reduce memory usage. Loaded Objects now: 1707.
Total: 2.991400 ms (FindLiveObjects: 0.167300 ms CreateObjectMapping: 0.052800 ms MarkObjects: 2.360300 ms  DeleteObjects: 0.409200 ms)

========================================================================
Received Prepare
Registering precompiled user dll's ...
Registered in 0.000864 seconds.
Begin MonoManager ReloadAssembly
Native extension for WindowsStandalone target not found
Native extension for WebGL target not found
Refreshing native plugins compatible for Editor in 0.36 ms, found 0 plugins.
Preloading 0 native plugins for Editor in 0.00 ms.
Invoked RoslynAnalysisRunner static constructor.
RoslynAnalysisRunner will not be running.
RoslynAnalysisRunner has terminated.
Mono: successfully reloaded assembly
- Completed reload, in  1.004 seconds
Platform modules already initialized, skipping
Refreshing native plugins compatible for Editor in 0.35 ms, found 0 plugins.
Preloading 0 native plugins for Editor in 0.00 ms.
Unloading 1195 Unused Serialized files (Serialized files now loaded: 0)
System memory in use before: 81.1 MB.
System memory in use after: 80.8 MB.

Unloading 7 unused Assets to reduce memory usage. Loaded Objects now: 1709.
Total: 2.245900 ms (FindLiveObjects: 0.153600 ms CreateObjectMapping: 0.048800 ms MarkObjects: 1.617000 ms  DeleteObjects: 0.425200 ms)

========================================================================
Received Prepare
Registering precompiled user dll's ...
Registered in 0.000780 seconds.
Begin MonoManager ReloadAssembly
Native extension for WindowsStandalone target not found
Native extension for WebGL target not found
Refreshing native plugins compatible for Editor in 0.35 ms, found 0 plugins.
Preloading 0 native plugins for Editor in 0.00 ms.
Invoked RoslynAnalysisRunner static constructor.
RoslynAnalysisRunner will not be running.
RoslynAnalysisRunner has terminated.
Mono: successfully reloaded assembly
- Completed reload, in  0.945 seconds
Platform modules already initialized, skipping
Refreshing native plugins compatible for Editor in 0.36 ms, found 0 plugins.
Preloading 0 native plugins for Editor in 0.00 ms.
Unloading 1195 Unused Serialized files (Serialized files now loaded: 0)
System memory in use before: 81.1 MB.
System memory in use after: 80.8 MB.

Unloading 7 unused Assets to reduce memory usage. Loaded Objects now: 1711.
Total: 2.386400 ms (FindLiveObjects: 0.250400 ms CreateObjectMapping: 0.064700 ms MarkObjects: 1.675500 ms  DeleteObjects: 0.394400 ms)

========================================================================
Received Prepare
Registering precompiled user dll's ...
Registered in 0.001254 seconds.
Begin MonoManager ReloadAssembly
Native extension for WindowsStandalone target not found
Native extension for WebGL target not found
Refreshing native plugins compatible for Editor in 0.36 ms, found 0 plugins.
Preloading 0 native plugins for Editor in 0.00 ms.
Invoked RoslynAnalysisRunner static constructor.
RoslynAnalysisRunner will not be running.
RoslynAnalysisRunner has terminated.
Mono: successfully reloaded assembly
- Completed reload, in  1.001 seconds
Platform modules already initialized, skipping
Refreshing native plugins compatible for Editor in 0.34 ms, found 0 plugins.
Preloading 0 native plugins for Editor in 0.00 ms.
Unloading 1195 Unused Serialized files (Serialized files now loaded: 0)
System memory in use before: 81.1 MB.
System memory in use after: 80.8 MB.

Unloading 7 unused Assets to reduce memory usage. Loaded Objects now: 1713.
Total: 2.176200 ms (FindLiveObjects: 0.145900 ms CreateObjectMapping: 0.046600 ms MarkObjects: 1.511500 ms  DeleteObjects: 0.471200 ms)

========================================================================
Received Prepare
Registering precompiled user dll's ...
Registered in 0.001425 seconds.
Begin MonoManager ReloadAssembly
Native extension for WindowsStandalone target not found
Native extension for WebGL target not found
Refreshing native plugins compatible for Editor in 0.45 ms, found 0 plugins.
Preloading 0 native plugins for Editor in 0.00 ms.
Invoked RoslynAnalysisRunner static constructor.
RoslynAnalysisRunner will not be running.
RoslynAnalysisRunner has terminated.
Mono: successfully reloaded assembly
- Completed reload, in  1.049 seconds
Platform modules already initialized, skipping
Refreshing native plugins compatible for Editor in 0.34 ms, found 0 plugins.
Preloading 0 native plugins for Editor in 0.00 ms.
Unloading 1195 Unused Serialized files (Serialized files now loaded: 0)
System memory in use before: 81.1 MB.
System memory in use after: 80.8 MB.

Unloading 7 unused Assets to reduce memory usage. Loaded Objects now: 1715.
Total: 2.470000 ms (FindLiveObjects: 0.188000 ms CreateObjectMapping: 0.101400 ms MarkObjects: 1.782100 ms  DeleteObjects: 0.397400 ms)

========================================================================
Received Prepare
Registering precompiled user dll's ...
Registered in 0.001042 seconds.
Begin MonoManager ReloadAssembly
Native extension for WindowsStandalone target not found
Native extension for WebGL target not found
Refreshing native plugins compatible for Editor in 0.41 ms, found 0 plugins.
Preloading 0 native plugins for Editor in 0.00 ms.
Invoked RoslynAnalysisRunner static constructor.
RoslynAnalysisRunner will not be running.
RoslynAnalysisRunner has terminated.
Mono: successfully reloaded assembly
- Completed reload, in  0.959 seconds
Platform modules already initialized, skipping
Refreshing native plugins compatible for Editor in 0.37 ms, found 0 plugins.
Preloading 0 native plugins for Editor in 0.00 ms.
Unloading 1195 Unused Serialized files (Serialized files now loaded: 0)
System memory in use before: 80.9 MB.
System memory in use after: 80.7 MB.

Unloading 7 unused Assets to reduce memory usage. Loaded Objects now: 1717.
Total: 2.377100 ms (FindLiveObjects: 0.160100 ms CreateObjectMapping: 0.057700 ms MarkObjects: 1.645700 ms  DeleteObjects: 0.511900 ms)

========================================================================
Received Prepare
Registering precompiled user dll's ...
Registered in 0.000778 seconds.
Begin MonoManager ReloadAssembly
Native extension for WindowsStandalone target not found
Native extension for WebGL target not found
Refreshing native plugins compatible for Editor in 0.37 ms, found 0 plugins.
Preloading 0 native plugins for Editor in 0.00 ms.
Invoked RoslynAnalysisRunner static constructor.
RoslynAnalysisRunner will not be running.
RoslynAnalysisRunner has terminated.
Mono: successfully reloaded assembly
- Completed reload, in  0.943 seconds
Platform modules already initialized, skipping
Refreshing native plugins compatible for Editor in 0.36 ms, found 0 plugins.
Preloading 0 native plugins for Editor in 0.00 ms.
Unloading 1195 Unused Serialized files (Serialized files now loaded: 0)
System memory in use before: 81.1 MB.
System memory in use after: 80.8 MB.

Unloading 7 unused Assets to reduce memory usage. Loaded Objects now: 1719.
Total: 2.264600 ms (FindLiveObjects: 0.262000 ms CreateObjectMapping: 0.072900 ms MarkObjects: 1.531800 ms  DeleteObjects: 0.396700 ms)

========================================================================
Received Prepare
Registering precompiled user dll's ...
Registered in 0.000693 seconds.
Begin MonoManager ReloadAssembly
Native extension for WindowsStandalone target not found
Native extension for WebGL target not found
Refreshing native plugins compatible for Editor in 0.35 ms, found 0 plugins.
Preloading 0 native plugins for Editor in 0.00 ms.
Invoked RoslynAnalysisRunner static constructor.
RoslynAnalysisRunner will not be running.
RoslynAnalysisRunner has terminated.
Mono: successfully reloaded assembly
- Completed reload, in  0.933 seconds
Platform modules already initialized, skipping
Refreshing native plugins compatible for Editor in 0.34 ms, found 0 plugins.
Preloading 0 native plugins for Editor in 0.00 ms.
Unloading 1195 Unused Serialized files (Serialized files now loaded: 0)
System memory in use before: 81.1 MB.
System memory in use after: 80.8 MB.

Unloading 7 unused Assets to reduce memory usage. Loaded Objects now: 1721.
Total: 2.520100 ms (FindLiveObjects: 0.221300 ms CreateObjectMapping: 0.092100 ms MarkObjects: 1.802000 ms  DeleteObjects: 0.403700 ms)

========================================================================
Received Prepare
Registering precompiled user dll's ...
Registered in 0.000728 seconds.
Begin MonoManager ReloadAssembly
Native extension for WindowsStandalone target not found
Native extension for WebGL target not found
Refreshing native plugins compatible for Editor in 0.36 ms, found 0 plugins.
Preloading 0 native plugins for Editor in 0.00 ms.
Invoked RoslynAnalysisRunner static constructor.
RoslynAnalysisRunner will not be running.
RoslynAnalysisRunner has terminated.
Mono: successfully reloaded assembly
- Completed reload, in  0.929 seconds
Platform modules already initialized, skipping
Refreshing native plugins compatible for Editor in 0.34 ms, found 0 plugins.
Preloading 0 native plugins for Editor in 0.00 ms.
Unloading 1195 Unused Serialized files (Serialized files now loaded: 0)
System memory in use before: 81.1 MB.
System memory in use after: 80.8 MB.

Unloading 7 unused Assets to reduce memory usage. Loaded Objects now: 1723.
Total: 2.137600 ms (FindLiveObjects: 0.155200 ms CreateObjectMapping: 0.046100 ms MarkObjects: 1.546800 ms  DeleteObjects: 0.388400 ms)

========================================================================
Received Prepare
Registering precompiled user dll's ...
Registered in 0.001093 seconds.
Begin MonoManager ReloadAssembly
Native extension for WindowsStandalone target not found
Native extension for WebGL target not found
Refreshing native plugins compatible for Editor in 0.38 ms, found 0 plugins.
Preloading 0 native plugins for Editor in 0.00 ms.
Invoked RoslynAnalysisRunner static constructor.
RoslynAnalysisRunner will not be running.
RoslynAnalysisRunner has terminated.
Mono: successfully reloaded assembly
- Completed reload, in  0.991 seconds
Platform modules already initialized, skipping
Refreshing native plugins compatible for Editor in 0.35 ms, found 0 plugins.
Preloading 0 native plugins for Editor in 0.00 ms.
Unloading 1195 Unused Serialized files (Serialized files now loaded: 0)
System memory in use before: 81.1 MB.
System memory in use after: 80.8 MB.

Unloading 7 unused Assets to reduce memory usage. Loaded Objects now: 1725.
Total: 3.311900 ms (FindLiveObjects: 0.256700 ms CreateObjectMapping: 0.058200 ms MarkObjects: 2.364500 ms  DeleteObjects: 0.630900 ms)

========================================================================
Received Prepare
Registering precompiled user dll's ...
Registered in 0.000784 seconds.
Begin MonoManager ReloadAssembly
Native extension for WindowsStandalone target not found
Native extension for WebGL target not found
Refreshing native plugins compatible for Editor in 0.34 ms, found 0 plugins.
Preloading 0 native plugins for Editor in 0.00 ms.
Invoked RoslynAnalysisRunner static constructor.
RoslynAnalysisRunner will not be running.
RoslynAnalysisRunner has terminated.
Mono: successfully reloaded assembly
- Completed reload, in  0.977 seconds
Platform modules already initialized, skipping
Refreshing native plugins compatible for Editor in 0.35 ms, found 0 plugins.
Preloading 0 native plugins for Editor in 0.00 ms.
Unloading 1195 Unused Serialized files (Serialized files now loaded: 0)
System memory in use before: 81.2 MB.
System memory in use after: 80.9 MB.

Unloading 7 unused Assets to reduce memory usage. Loaded Objects now: 1727.
Total: 2.084700 ms (FindLiveObjects: 0.192800 ms CreateObjectMapping: 0.052300 ms MarkObjects: 1.437800 ms  DeleteObjects: 0.400200 ms)

========================================================================
Received Prepare
Registering precompiled user dll's ...
Registered in 0.000815 seconds.
Begin MonoManager ReloadAssembly
Native extension for WindowsStandalone target not found
Native extension for WebGL target not found
Refreshing native plugins compatible for Editor in 0.39 ms, found 0 plugins.
Preloading 0 native plugins for Editor in 0.00 ms.
Invoked RoslynAnalysisRunner static constructor.
RoslynAnalysisRunner will not be running.
RoslynAnalysisRunner has terminated.
Mono: successfully reloaded assembly
- Completed reload, in  0.960 seconds
Platform modules already initialized, skipping
Refreshing native plugins compatible for Editor in 0.36 ms, found 0 plugins.
Preloading 0 native plugins for Editor in 0.00 ms.
Unloading 1195 Unused Serialized files (Serialized files now loaded: 0)
System memory in use before: 81.2 MB.
System memory in use after: 80.9 MB.

Unloading 7 unused Assets to reduce memory usage. Loaded Objects now: 1729.
Total: 2.197200 ms (FindLiveObjects: 0.162900 ms CreateObjectMapping: 0.049400 ms MarkObjects: 1.543400 ms  DeleteObjects: 0.440100 ms)

========================================================================
Received Prepare
Registering precompiled user dll's ...
Registered in 0.001230 seconds.
Begin MonoManager ReloadAssembly
Native extension for WindowsStandalone target not found
Native extension for WebGL target not found
Refreshing native plugins compatible for Editor in 0.35 ms, found 0 plugins.
Preloading 0 native plugins for Editor in 0.00 ms.
Invoked RoslynAnalysisRunner static constructor.
RoslynAnalysisRunner will not be running.
RoslynAnalysisRunner has terminated.
Mono: successfully reloaded assembly
- Completed reload, in  0.975 seconds
Platform modules already initialized, skipping
Refreshing native plugins compatible for Editor in 0.34 ms, found 0 plugins.
Preloading 0 native plugins for Editor in 0.00 ms.
Unloading 1195 Unused Serialized files (Serialized files now loaded: 0)
System memory in use before: 81.2 MB.
System memory in use after: 80.9 MB.

Unloading 7 unused Assets to reduce memory usage. Loaded Objects now: 1731.
Total: 2.280700 ms (FindLiveObjects: 0.176300 ms CreateObjectMapping: 0.045500 ms MarkObjects: 1.667000 ms  DeleteObjects: 0.391000 ms)

========================================================================
Received Prepare
Registering precompiled user dll's ...
Registered in 0.000768 seconds.
Begin MonoManager ReloadAssembly
Native extension for WindowsStandalone target not found
Native extension for WebGL target not found
Refreshing native plugins compatible for Editor in 0.37 ms, found 0 plugins.
Preloading 0 native plugins for Editor in 0.00 ms.
Invoked RoslynAnalysisRunner static constructor.
RoslynAnalysisRunner will not be running.
RoslynAnalysisRunner has terminated.
Mono: successfully reloaded assembly
- Completed reload, in  0.986 seconds
Platform modules already initialized, skipping
Refreshing native plugins compatible for Editor in 0.35 ms, found 0 plugins.
Preloading 0 native plugins for Editor in 0.00 ms.
Unloading 1195 Unused Serialized files (Serialized files now loaded: 0)
System memory in use before: 81.2 MB.
System memory in use after: 80.9 MB.

Unloading 7 unused Assets to reduce memory usage. Loaded Objects now: 1733.
Total: 2.376600 ms (FindLiveObjects: 0.186000 ms CreateObjectMapping: 0.071000 ms MarkObjects: 1.701200 ms  DeleteObjects: 0.416900 ms)

========================================================================
Received Prepare
Registering precompiled user dll's ...
Registered in 0.000907 seconds.
Begin MonoManager ReloadAssembly
Native extension for WindowsStandalone target not found
Native extension for WebGL target not found
Refreshing native plugins compatible for Editor in 0.38 ms, found 0 plugins.
Preloading 0 native plugins for Editor in 0.00 ms.
Invoked RoslynAnalysisRunner static constructor.
RoslynAnalysisRunner will not be running.
RoslynAnalysisRunner has terminated.
Mono: successfully reloaded assembly
- Completed reload, in  1.005 seconds
Platform modules already initialized, skipping
Refreshing native plugins compatible for Editor in 0.37 ms, found 0 plugins.
Preloading 0 native plugins for Editor in 0.00 ms.
Unloading 1195 Unused Serialized files (Serialized files now loaded: 0)
System memory in use before: 81.2 MB.
System memory in use after: 81.0 MB.

Unloading 7 unused Assets to reduce memory usage. Loaded Objects now: 1735.
Total: 2.257700 ms (FindLiveObjects: 0.176000 ms CreateObjectMapping: 0.048200 ms MarkObjects: 1.613500 ms  DeleteObjects: 0.418400 ms)

========================================================================
Received Prepare
Registering precompiled user dll's ...
Registered in 0.000937 seconds.
Begin MonoManager ReloadAssembly
Native extension for WindowsStandalone target not found
Native extension for WebGL target not found
Refreshing native plugins compatible for Editor in 0.37 ms, found 0 plugins.
Preloading 0 native plugins for Editor in 0.00 ms.
Invoked RoslynAnalysisRunner static constructor.
RoslynAnalysisRunner will not be running.
RoslynAnalysisRunner has terminated.
Mono: successfully reloaded assembly
- Completed reload, in  1.043 seconds
Platform modules already initialized, skipping
Refreshing native plugins compatible for Editor in 0.41 ms, found 0 plugins.
Preloading 0 native plugins for Editor in 0.00 ms.
Unloading 1195 Unused Serialized files (Serialized files now loaded: 0)
System memory in use before: 81.2 MB.
System memory in use after: 81.0 MB.

Unloading 7 unused Assets to reduce memory usage. Loaded Objects now: 1737.
Total: 3.063800 ms (FindLiveObjects: 0.271500 ms CreateObjectMapping: 0.082900 ms MarkObjects: 2.221600 ms  DeleteObjects: 0.486300 ms)

========================================================================
Received Prepare
Registering precompiled user dll's ...
Registered in 0.000935 seconds.
Begin MonoManager ReloadAssembly
Native extension for WindowsStandalone target not found
Native extension for WebGL target not found
Refreshing native plugins compatible for Editor in 0.37 ms, found 0 plugins.
Preloading 0 native plugins for Editor in 0.00 ms.
Invoked RoslynAnalysisRunner static constructor.
RoslynAnalysisRunner will not be running.
RoslynAnalysisRunner has terminated.
Mono: successfully reloaded assembly
- Completed reload, in  1.029 seconds
Platform modules already initialized, skipping
Refreshing native plugins compatible for Editor in 0.46 ms, found 0 plugins.
Preloading 0 native plugins for Editor in 0.00 ms.
Unloading 1195 Unused Serialized files (Serialized files now loaded: 0)
System memory in use before: 81.1 MB.
System memory in use after: 80.9 MB.

Unloading 7 unused Assets to reduce memory usage. Loaded Objects now: 1739.
Total: 2.070700 ms (FindLiveObjects: 0.164300 ms CreateObjectMapping: 0.045900 ms MarkObjects: 1.459200 ms  DeleteObjects: 0.399700 ms)

========================================================================
Received Prepare
Registering precompiled user dll's ...
Registered in 0.000834 seconds.
Begin MonoManager ReloadAssembly
Native extension for WindowsStandalone target not found
Native extension for WebGL target not found
Refreshing native plugins compatible for Editor in 0.35 ms, found 0 plugins.
Preloading 0 native plugins for Editor in 0.00 ms.
Invoked RoslynAnalysisRunner static constructor.
RoslynAnalysisRunner will not be running.
RoslynAnalysisRunner has terminated.
Mono: successfully reloaded assembly
- Completed reload, in  0.921 seconds
Platform modules already initialized, skipping
Refreshing native plugins compatible for Editor in 0.35 ms, found 0 plugins.
Preloading 0 native plugins for Editor in 0.00 ms.
Unloading 1195 Unused Serialized files (Serialized files now loaded: 0)
System memory in use before: 81.2 MB.
System memory in use after: 81.0 MB.

Unloading 7 unused Assets to reduce memory usage. Loaded Objects now: 1741.
Total: 2.872400 ms (FindLiveObjects: 0.317400 ms CreateObjectMapping: 0.117400 ms MarkObjects: 1.966100 ms  DeleteObjects: 0.470500 ms)

========================================================================
Received Prepare
Registering precompiled user dll's ...
Registered in 0.000772 seconds.
Begin MonoManager ReloadAssembly
Native extension for WindowsStandalone target not found
Native extension for WebGL target not found
Refreshing native plugins compatible for Editor in 0.38 ms, found 0 plugins.
Preloading 0 native plugins for Editor in 0.00 ms.
Invoked RoslynAnalysisRunner static constructor.
RoslynAnalysisRunner will not be running.
RoslynAnalysisRunner has terminated.
Mono: successfully reloaded assembly
- Completed reload, in  0.976 seconds
Platform modules already initialized, skipping
Refreshing native plugins compatible for Editor in 0.56 ms, found 0 plugins.
Preloading 0 native plugins for Editor in 0.00 ms.
Unloading 1195 Unused Serialized files (Serialized files now loaded: 0)
System memory in use before: 81.2 MB.
System memory in use after: 81.0 MB.

Unloading 7 unused Assets to reduce memory usage. Loaded Objects now: 1743.
Total: 2.322400 ms (FindLiveObjects: 0.199100 ms CreateObjectMapping: 0.051300 ms MarkObjects: 1.667400 ms  DeleteObjects: 0.402900 ms)

========================================================================
Received Prepare
Registering precompiled user dll's ...
Registered in 0.000742 seconds.
Begin MonoManager ReloadAssembly
Native extension for WindowsStandalone target not found
Native extension for WebGL target not found
Refreshing native plugins compatible for Editor in 0.35 ms, found 0 plugins.
Preloading 0 native plugins for Editor in 0.00 ms.
Invoked RoslynAnalysisRunner static constructor.
RoslynAnalysisRunner will not be running.
RoslynAnalysisRunner has terminated.
Mono: successfully reloaded assembly
- Completed reload, in  0.941 seconds
Platform modules already initialized, skipping
Refreshing native plugins compatible for Editor in 0.39 ms, found 0 plugins.
Preloading 0 native plugins for Editor in 0.00 ms.
Unloading 1195 Unused Serialized files (Serialized files now loaded: 0)
System memory in use before: 81.2 MB.
System memory in use after: 81.0 MB.

Unloading 7 unused Assets to reduce memory usage. Loaded Objects now: 1745.
Total: 2.292900 ms (FindLiveObjects: 0.218600 ms CreateObjectMapping: 0.047300 ms MarkObjects: 1.607200 ms  DeleteObjects: 0.418200 ms)

========================================================================
Received Import Request.
  Time since last request: 3181.030961 seconds.
  path: Assets/WaypointMover.cs
  artifactKey: Guid(5d738d0ea9d01924e8b4794ff71781f3) Importer(815301076,1909f56bfc062723c751e8b465ee728b)
Start importing Assets/WaypointMover.cs using Guid(5d738d0ea9d01924e8b4794ff71781f3) Importer(815301076,1909f56bfc062723c751e8b465ee728b)  -> (artifact id: '67f63e93ebbe50cfd01952c6021ec20f') in 0.004381 seconds
  Import took 0.023750 seconds .

========================================================================
Received Import Request.
  Time since last request: 0.001507 seconds.
  path: Assets/WaypointMover.cs
  artifactKey: Guid(5d738d0ea9d01924e8b4794ff71781f3) Importer(815301076,1909f56bfc062723c751e8b465ee728b)
Start importing Assets/WaypointMover.cs using Guid(5d738d0ea9d01924e8b4794ff71781f3) Importer(815301076,1909f56bfc062723c751e8b465ee728b)  -> (artifact id: '67f63e93ebbe50cfd01952c6021ec20f') in 0.002617 seconds
  Import took 0.005828 seconds .

========================================================================
Received Import Request.
  Time since last request: 30.435710 seconds.
  path: Assets/WaypointMover.cs
  artifactKey: Guid(5d738d0ea9d01924e8b4794ff71781f3) Importer(815301076,1909f56bfc062723c751e8b465ee728b)
Start importing Assets/WaypointMover.cs using Guid(5d738d0ea9d01924e8b4794ff71781f3) Importer(815301076,1909f56bfc062723c751e8b465ee728b)  -> (artifact id: '46f95f582b3d3121f7a53c048fac9ad4') in 0.002267 seconds
  Import took 0.030681 seconds .

========================================================================
Received Prepare
Registering precompiled user dll's ...
Registered in 0.000759 seconds.
Begin MonoManager ReloadAssembly
Native extension for WindowsStandalone target not found
Native extension for WebGL target not found
Refreshing native plugins compatible for Editor in 0.34 ms, found 0 plugins.
Preloading 0 native plugins for Editor in 0.00 ms.
Invoked RoslynAnalysisRunner static constructor.
RoslynAnalysisRunner will not be running.
RoslynAnalysisRunner has terminated.
Mono: successfully reloaded assembly
- Completed reload, in  0.982 seconds
Platform modules already initialized, skipping
Refreshing native plugins compatible for Editor in 0.37 ms, found 0 plugins.
Preloading 0 native plugins for Editor in 0.00 ms.
Unloading 1195 Unused Serialized files (Serialized files now loaded: 0)
System memory in use before: 81.3 MB.
System memory in use after: 81.0 MB.

Unloading 7 unused Assets to reduce memory usage. Loaded Objects now: 1747.
Total: 2.720600 ms (FindLiveObjects: 0.188100 ms CreateObjectMapping: 0.085500 ms MarkObjects: 2.036900 ms  DeleteObjects: 0.400200 ms)

========================================================================
Received Import Request.
  Time since last request: 49.272293 seconds.
  path: Assets/Waypoint UI.cs
  artifactKey: Guid(db3ba339f6c198e49832d006a118c3e8) Importer(815301076,1909f56bfc062723c751e8b465ee728b)
Start importing Assets/Waypoint UI.cs using Guid(db3ba339f6c198e49832d006a118c3e8) Importer(815301076,1909f56bfc062723c751e8b465ee728b)  -> (artifact id: '45267c7af92b03e40ecd52712682442e') in 0.011436 seconds
  Import took 0.048922 seconds .

========================================================================
Received Prepare
Registering precompiled user dll's ...
Registered in 0.001172 seconds.
Begin MonoManager ReloadAssembly
Native extension for WindowsStandalone target not found
Native extension for WebGL target not found
Refreshing native plugins compatible for Editor in 0.36 ms, found 0 plugins.
Preloading 0 native plugins for Editor in 0.00 ms.
Invoked RoslynAnalysisRunner static constructor.
RoslynAnalysisRunner will not be running.
RoslynAnalysisRunner has terminated.
Mono: successfully reloaded assembly
- Completed reload, in  1.145 seconds
Platform modules already initialized, skipping
Refreshing native plugins compatible for Editor in 0.40 ms, found 0 plugins.
Preloading 0 native plugins for Editor in 0.00 ms.
Unloading 1196 Unused Serialized files (Serialized files now loaded: 0)
System memory in use before: 81.3 MB.
System memory in use after: 81.0 MB.

Unloading 7 unused Assets to reduce memory usage. Loaded Objects now: 1750.
Total: 2.178800 ms (FindLiveObjects: 0.176000 ms CreateObjectMapping: 0.051000 ms MarkObjects: 1.541100 ms  DeleteObjects: 0.408300 ms)

========================================================================
Received Import Request.
  Time since last request: 8.575285 seconds.
  path: Assets/Waypoint UI.cs
  artifactKey: Guid(db3ba339f6c198e49832d006a118c3e8) Importer(815301076,1909f56bfc062723c751e8b465ee728b)
Start importing Assets/Waypoint UI.cs using Guid(db3ba339f6c198e49832d006a118c3e8) Importer(815301076,1909f56bfc062723c751e8b465ee728b)  -> (artifact id: '73fcb1436921959d1b8a934c5c813741') in 0.005111 seconds
  Import took 0.008675 seconds .

========================================================================
Received Import Request.
  Time since last request: 18.458638 seconds.
  path: Assets/Waypoint UI.cs
  artifactKey: Guid(db3ba339f6c198e49832d006a118c3e8) Importer(815301076,1909f56bfc062723c751e8b465ee728b)
Start importing Assets/Waypoint UI.cs using Guid(db3ba339f6c198e49832d006a118c3e8) Importer(815301076,1909f56bfc062723c751e8b465ee728b)  -> (artifact id: '6599c2045eff766ffd8085a971a20439') in 0.003295 seconds
  Import took 0.005882 seconds .

========================================================================
Received Import Request.
  Time since last request: 78.174276 seconds.
  path: Assets/Waypoint UI.cs
  artifactKey: Guid(db3ba339f6c198e49832d006a118c3e8) Importer(815301076,1909f56bfc062723c751e8b465ee728b)
Start importing Assets/Waypoint UI.cs using Guid(db3ba339f6c198e49832d006a118c3e8) Importer(815301076,1909f56bfc062723c751e8b465ee728b)  -> (artifact id: '349df4b48b5336205ff66bb4f5b66218') in 0.002698 seconds
  Import took 0.005150 seconds .

========================================================================
Received Import Request.
  Time since last request: 60.698497 seconds.
  path: Assets/Waypoint UI.cs
  artifactKey: Guid(db3ba339f6c198e49832d006a118c3e8) Importer(815301076,1909f56bfc062723c751e8b465ee728b)
Start importing Assets/Waypoint UI.cs using Guid(db3ba339f6c198e49832d006a118c3e8) Importer(815301076,1909f56bfc062723c751e8b465ee728b)  -> (artifact id: 'b34f79761f09d1565f64315370822399') in 0.002661 seconds
  Import took 0.227068 seconds .

========================================================================
Received Import Request.
  Time since last request: 3.858133 seconds.
  path: ProjectSettings/TagManager.asset
  artifactKey: Guid(00000000000000003000000000000000) Importer(815301076,1909f56bfc062723c751e8b465ee728b)
Start importing ProjectSettings/TagManager.asset using Guid(00000000000000003000000000000000) Importer(815301076,1909f56bfc062723c751e8b465ee728b)  -> (artifact id: '8988b340c206bb1d98ca0d47b0266d3b') in 0.192535 seconds
  Import took 0.213530 seconds .

========================================================================
Received Prepare
Registering precompiled user dll's ...
Registered in 0.000857 seconds.
Begin MonoManager ReloadAssembly
Native extension for WindowsStandalone target not found
Native extension for WebGL target not found
Refreshing native plugins compatible for Editor in 0.35 ms, found 0 plugins.
Preloading 0 native plugins for Editor in 0.00 ms.
Invoked RoslynAnalysisRunner static constructor.
RoslynAnalysisRunner will not be running.
RoslynAnalysisRunner has terminated.
Mono: successfully reloaded assembly
- Completed reload, in  0.988 seconds
Platform modules already initialized, skipping
Refreshing native plugins compatible for Editor in 0.34 ms, found 0 plugins.
Preloading 0 native plugins for Editor in 0.00 ms.
Unloading 1196 Unused Serialized files (Serialized files now loaded: 0)
System memory in use before: 81.1 MB.
System memory in use after: 80.9 MB.

Unloading 8 unused Assets to reduce memory usage. Loaded Objects now: 1752.
Total: 2.246100 ms (FindLiveObjects: 0.177700 ms CreateObjectMapping: 0.045600 ms MarkObjects: 1.574800 ms  DeleteObjects: 0.446700 ms)

========================================================================
Received Import Request.
  Time since last request: 241.330127 seconds.
  path: Assets/WaypointMover.cs
  artifactKey: Guid(5d738d0ea9d01924e8b4794ff71781f3) Importer(815301076,1909f56bfc062723c751e8b465ee728b)
Start importing Assets/WaypointMover.cs using Guid(5d738d0ea9d01924e8b4794ff71781f3) Importer(815301076,1909f56bfc062723c751e8b465ee728b)  -> (artifact id: '35056a780aa757ad6740f669a8e86794') in 0.029000 seconds
  Import took 0.031666 seconds .

========================================================================
Received Import Request.
  Time since last request: 0.014216 seconds.
  path: Assets/WaypointMover.cs
  artifactKey: Guid(5d738d0ea9d01924e8b4794ff71781f3) Importer(815301076,1909f56bfc062723c751e8b465ee728b)
Start importing Assets/WaypointMover.cs using Guid(5d738d0ea9d01924e8b4794ff71781f3) Importer(815301076,1909f56bfc062723c751e8b465ee728b)  -> (artifact id: '35056a780aa757ad6740f669a8e86794') in 0.002394 seconds
  Import took 0.005482 seconds .

========================================================================
Received Import Request.
  Time since last request: 1.549291 seconds.
  path: Assets/Waypoint UI.cs
  artifactKey: Guid(db3ba339f6c198e49832d006a118c3e8) Importer(815301076,1909f56bfc062723c751e8b465ee728b)
Start importing Assets/Waypoint UI.cs using Guid(db3ba339f6c198e49832d006a118c3e8) Importer(815301076,1909f56bfc062723c751e8b465ee728b)  -> (artifact id: '12b2662a8dd1b0628c8b58f5db5394a5') in 0.002218 seconds
  Import took 0.004971 seconds .

========================================================================
Received Import Request.
  Time since last request: 0.001259 seconds.
  path: Assets/Waypoint UI.cs
  artifactKey: Guid(db3ba339f6c198e49832d006a118c3e8) Importer(815301076,1909f56bfc062723c751e8b465ee728b)
Start importing Assets/Waypoint UI.cs using Guid(db3ba339f6c198e49832d006a118c3e8) Importer(815301076,1909f56bfc062723c751e8b465ee728b)  -> (artifact id: '12b2662a8dd1b0628c8b58f5db5394a5') in 0.012429 seconds
  Import took 0.015372 seconds .

========================================================================
Received Prepare
Registering precompiled user dll's ...
Registered in 0.000805 seconds.
Begin MonoManager ReloadAssembly
Native extension for WindowsStandalone target not found
Native extension for WebGL target not found
Refreshing native plugins compatible for Editor in 0.37 ms, found 0 plugins.
Preloading 0 native plugins for Editor in 0.00 ms.
Invoked RoslynAnalysisRunner static constructor.
RoslynAnalysisRunner will not be running.
RoslynAnalysisRunner has terminated.
Mono: successfully reloaded assembly
- Completed reload, in  0.973 seconds
Platform modules already initialized, skipping
Refreshing native plugins compatible for Editor in 0.35 ms, found 0 plugins.
Preloading 0 native plugins for Editor in 0.00 ms.
Unloading 1196 Unused Serialized files (Serialized files now loaded: 0)
System memory in use before: 81.3 MB.
System memory in use after: 81.0 MB.

Unloading 7 unused Assets to reduce memory usage. Loaded Objects now: 1754.
Total: 2.304200 ms (FindLiveObjects: 0.153800 ms CreateObjectMapping: 0.049200 ms MarkObjects: 1.680200 ms  DeleteObjects: 0.419600 ms)

========================================================================
Received Import Request.
  Time since last request: 308.387492 seconds.
  path: Assets/Waypoint UI.cs
  artifactKey: Guid(db3ba339f6c198e49832d006a118c3e8) Importer(815301076,1909f56bfc062723c751e8b465ee728b)
Start importing Assets/Waypoint UI.cs using Guid(db3ba339f6c198e49832d006a118c3e8) Importer(815301076,1909f56bfc062723c751e8b465ee728b)  -> (artifact id: '7a58882ec7870eff55e3f2910b0327d1') in 0.004785 seconds
  Import took 0.048613 seconds .

========================================================================
Received Import Request.
  Time since last request: 2.439650 seconds.
  path: Assets/WaypointMover.cs
  artifactKey: Guid(5d738d0ea9d01924e8b4794ff71781f3) Importer(815301076,1909f56bfc062723c751e8b465ee728b)
Start importing Assets/WaypointMover.cs using Guid(5d738d0ea9d01924e8b4794ff71781f3) Importer(815301076,1909f56bfc062723c751e8b465ee728b)  -> (artifact id: '712fbad6924590a73082ad623dc123f6') in 0.002645 seconds
  Import took 0.019041 seconds .

========================================================================
Received Import Request.
  Time since last request: 0.000516 seconds.
  path: Assets/WaypointMover.cs
  artifactKey: Guid(5d738d0ea9d01924e8b4794ff71781f3) Importer(815301076,1909f56bfc062723c751e8b465ee728b)
Start importing Assets/WaypointMover.cs using Guid(5d738d0ea9d01924e8b4794ff71781f3) Importer(815301076,1909f56bfc062723c751e8b465ee728b)  -> (artifact id: '712fbad6924590a73082ad623dc123f6') in 0.054251 seconds
  Import took 0.056745 seconds .

========================================================================
Received Prepare
Registering precompiled user dll's ...
Registered in 0.000851 seconds.
Begin MonoManager ReloadAssembly
Native extension for WindowsStandalone target not found
Native extension for WebGL target not found
Refreshing native plugins compatible for Editor in 0.37 ms, found 0 plugins.
Preloading 0 native plugins for Editor in 0.00 ms.
Invoked RoslynAnalysisRunner static constructor.
RoslynAnalysisRunner will not be running.
RoslynAnalysisRunner has terminated.
Mono: successfully reloaded assembly
- Completed reload, in  1.022 seconds
Platform modules already initialized, skipping
Refreshing native plugins compatible for Editor in 0.46 ms, found 0 plugins.
Preloading 0 native plugins for Editor in 0.00 ms.
Unloading 1196 Unused Serialized files (Serialized files now loaded: 0)
System memory in use before: 81.3 MB.
System memory in use after: 81.0 MB.

Unloading 7 unused Assets to reduce memory usage. Loaded Objects now: 1756.
Total: 2.786900 ms (FindLiveObjects: 0.216600 ms CreateObjectMapping: 0.087200 ms MarkObjects: 1.875500 ms  DeleteObjects: 0.606200 ms)

========================================================================
Received Import Request.
  Time since last request: 119.599913 seconds.
  path: Assets/WaypointUI.cs
  artifactKey: Guid(db3ba339f6c198e49832d006a118c3e8) Importer(815301076,1909f56bfc062723c751e8b465ee728b)
Start importing Assets/WaypointUI.cs using Guid(db3ba339f6c198e49832d006a118c3e8) Importer(815301076,1909f56bfc062723c751e8b465ee728b)  -> (artifact id: '99d702fb6c743fcdd41717ee3e31ec0d') in 0.010167 seconds
  Import took 0.028865 seconds .

========================================================================
Received Prepare
Registering precompiled user dll's ...
Registered in 0.001009 seconds.
Begin MonoManager ReloadAssembly
Native extension for WindowsStandalone target not found
Native extension for WebGL target not found
Refreshing native plugins compatible for Editor in 0.36 ms, found 0 plugins.
Preloading 0 native plugins for Editor in 0.00 ms.
Invoked RoslynAnalysisRunner static constructor.
RoslynAnalysisRunner will not be running.
RoslynAnalysisRunner has terminated.
Mono: successfully reloaded assembly
- Completed reload, in  1.043 seconds
Platform modules already initialized, skipping
Refreshing native plugins compatible for Editor in 0.35 ms, found 0 plugins.
Preloading 0 native plugins for Editor in 0.00 ms.
Unloading 1196 Unused Serialized files (Serialized files now loaded: 0)
System memory in use before: 81.3 MB.
System memory in use after: 81.0 MB.

Unloading 7 unused Assets to reduce memory usage. Loaded Objects now: 1758.
Total: 2.226000 ms (FindLiveObjects: 0.158500 ms CreateObjectMapping: 0.048600 ms MarkObjects: 1.597000 ms  DeleteObjects: 0.420700 ms)

========================================================================
Received Prepare
Registering precompiled user dll's ...
Registered in 0.000891 seconds.
Begin MonoManager ReloadAssembly
Native extension for WindowsStandalone target not found
Native extension for WebGL target not found
Refreshing native plugins compatible for Editor in 0.35 ms, found 0 plugins.
Preloading 0 native plugins for Editor in 0.00 ms.
Invoked RoslynAnalysisRunner static constructor.
RoslynAnalysisRunner will not be running.
RoslynAnalysisRunner has terminated.
Mono: successfully reloaded assembly
- Completed reload, in  0.987 seconds
Platform modules already initialized, skipping
Refreshing native plugins compatible for Editor in 0.36 ms, found 0 plugins.
Preloading 0 native plugins for Editor in 0.00 ms.
Unloading 1196 Unused Serialized files (Serialized files now loaded: 0)
System memory in use before: 81.3 MB.
System memory in use after: 81.0 MB.

Unloading 7 unused Assets to reduce memory usage. Loaded Objects now: 1760.
Total: 2.274100 ms (FindLiveObjects: 0.175200 ms CreateObjectMapping: 0.076800 ms MarkObjects: 1.615400 ms  DeleteObjects: 0.405400 ms)

========================================================================
Received Prepare
Registering precompiled user dll's ...
Registered in 0.001159 seconds.
Begin MonoManager ReloadAssembly
Native extension for WindowsStandalone target not found
Native extension for WebGL target not found
Refreshing native plugins compatible for Editor in 0.38 ms, found 0 plugins.
Preloading 0 native plugins for Editor in 0.00 ms.
Invoked RoslynAnalysisRunner static constructor.
RoslynAnalysisRunner will not be running.
RoslynAnalysisRunner has terminated.
Mono: successfully reloaded assembly
- Completed reload, in  0.964 seconds
Platform modules already initialized, skipping
Refreshing native plugins compatible for Editor in 0.34 ms, found 0 plugins.
Preloading 0 native plugins for Editor in 0.00 ms.
Unloading 1196 Unused Serialized files (Serialized files now loaded: 0)
System memory in use before: 81.3 MB.
System memory in use after: 81.0 MB.

Unloading 7 unused Assets to reduce memory usage. Loaded Objects now: 1762.
Total: 2.651600 ms (FindLiveObjects: 0.188600 ms CreateObjectMapping: 0.048800 ms MarkObjects: 1.917300 ms  DeleteObjects: 0.495100 ms)

========================================================================
Received Prepare
Registering precompiled user dll's ...
Registered in 0.000807 seconds.
Begin MonoManager ReloadAssembly
Native extension for WindowsStandalone target not found
Native extension for WebGL target not found
Refreshing native plugins compatible for Editor in 0.37 ms, found 0 plugins.
Preloading 0 native plugins for Editor in 0.00 ms.
Invoked RoslynAnalysisRunner static constructor.
RoslynAnalysisRunner will not be running.
RoslynAnalysisRunner has terminated.
Mono: successfully reloaded assembly
- Completed reload, in  0.916 seconds
Platform modules already initialized, skipping
Refreshing native plugins compatible for Editor in 0.39 ms, found 0 plugins.
Preloading 0 native plugins for Editor in 0.00 ms.
Unloading 1196 Unused Serialized files (Serialized files now loaded: 0)
System memory in use before: 81.2 MB.
System memory in use after: 80.9 MB.

Unloading 7 unused Assets to reduce memory usage. Loaded Objects now: 1764.
Total: 2.148400 ms (FindLiveObjects: 0.164100 ms CreateObjectMapping: 0.048400 ms MarkObjects: 1.517300 ms  DeleteObjects: 0.417000 ms)

========================================================================
Received Prepare
Registering precompiled user dll's ...
Registered in 0.001293 seconds.
Begin MonoManager ReloadAssembly
Native extension for WindowsStandalone target not found
Native extension for WebGL target not found
Refreshing native plugins compatible for Editor in 0.52 ms, found 0 plugins.
Preloading 0 native plugins for Editor in 0.00 ms.
Invoked RoslynAnalysisRunner static constructor.
RoslynAnalysisRunner will not be running.
RoslynAnalysisRunner has terminated.
Mono: successfully reloaded assembly
- Completed reload, in  1.073 seconds
Platform modules already initialized, skipping
Refreshing native plugins compatible for Editor in 0.43 ms, found 0 plugins.
Preloading 0 native plugins for Editor in 0.00 ms.
Unloading 1196 Unused Serialized files (Serialized files now loaded: 0)
System memory in use before: 81.3 MB.
System memory in use after: 81.0 MB.

Unloading 7 unused Assets to reduce memory usage. Loaded Objects now: 1766.
Total: 3.202500 ms (FindLiveObjects: 0.181500 ms CreateObjectMapping: 0.052300 ms MarkObjects: 2.364000 ms  DeleteObjects: 0.602700 ms)

========================================================================
Received Prepare
Registering precompiled user dll's ...
Registered in 0.000731 seconds.
Begin MonoManager ReloadAssembly
Native extension for WindowsStandalone target not found
Native extension for WebGL target not found
Refreshing native plugins compatible for Editor in 0.36 ms, found 0 plugins.
Preloading 0 native plugins for Editor in 0.00 ms.
Invoked RoslynAnalysisRunner static constructor.
RoslynAnalysisRunner will not be running.
RoslynAnalysisRunner has terminated.
Mono: successfully reloaded assembly
- Completed reload, in  0.922 seconds
Platform modules already initialized, skipping
Refreshing native plugins compatible for Editor in 0.36 ms, found 0 plugins.
Preloading 0 native plugins for Editor in 0.00 ms.
Unloading 1196 Unused Serialized files (Serialized files now loaded: 0)
System memory in use before: 81.3 MB.
System memory in use after: 81.0 MB.

Unloading 7 unused Assets to reduce memory usage. Loaded Objects now: 1768.
Total: 2.438400 ms (FindLiveObjects: 0.188700 ms CreateObjectMapping: 0.075300 ms MarkObjects: 1.767600 ms  DeleteObjects: 0.405500 ms)

========================================================================
Received Prepare
Registering precompiled user dll's ...
Registered in 0.000868 seconds.
Begin MonoManager ReloadAssembly
Native extension for WindowsStandalone target not found
Native extension for WebGL target not found
Refreshing native plugins compatible for Editor in 0.35 ms, found 0 plugins.
Preloading 0 native plugins for Editor in 0.00 ms.
Invoked RoslynAnalysisRunner static constructor.
RoslynAnalysisRunner will not be running.
RoslynAnalysisRunner has terminated.
Mono: successfully reloaded assembly
- Completed reload, in  0.944 seconds
Platform modules already initialized, skipping
Refreshing native plugins compatible for Editor in 0.34 ms, found 0 plugins.
Preloading 0 native plugins for Editor in 0.00 ms.
Unloading 1196 Unused Serialized files (Serialized files now loaded: 0)
System memory in use before: 81.3 MB.
System memory in use after: 81.0 MB.

Unloading 7 unused Assets to reduce memory usage. Loaded Objects now: 1770.
Total: 2.198600 ms (FindLiveObjects: 0.170700 ms CreateObjectMapping: 0.067000 ms MarkObjects: 1.553300 ms  DeleteObjects: 0.406300 ms)

AssetImportWorkerClient::OnTransportError - code=2 error=End of file
